<html>
<head>
<title>TestNG:  Test</title>
<link href="../testng.css" rel="stylesheet" type="text/css" />
<link href="../my-testng.css" rel="stylesheet" type="text/css" />

<style type="text/css">
.log { display: none;} 
.stack-trace { display: none;} 
</style>
<script type="text/javascript">
<!--
function flip(e) {
  current = e.style.display;
  if (current == 'block') {
    e.style.display = 'none';
    return 0;
  }
  else {
    e.style.display = 'block';
    return 1;
  }
}

function toggleBox(szDivId, elem, msg1, msg2)
{
  var res = -1;  if (document.getElementById) {
    res = flip(document.getElementById(szDivId));
  }
  else if (document.all) {
    // this is the way old msie versions work
    res = flip(document.all[szDivId]);
  }
  if(elem) {
    if(res == 0) elem.innerHTML = msg1; else elem.innerHTML = msg2;
  }

}

function toggleAllBoxes() {
  if (document.getElementsByTagName) {
    d = document.getElementsByTagName('div');
    for (i = 0; i < d.length; i++) {
      if (d[i].className == 'log') {
        flip(d[i]);
      }
    }
  }
}

// -->
</script>

</head>
<body>
<h2 align='center'>Test</h2><table border='1' align="center">
<tr>
<td>Tests passed/Failed/Skipped:</td><td>17/6/0</td>
</tr><tr>
<td>Started on:</td><td>Thu Feb 08 23:59:37 IST 2018</td>
</tr>
<tr><td>Total time:</td><td>590 seconds (590107 ms)</td>
</tr><tr>
<td>Included groups:</td><td></td>
</tr><tr>
<td>Excluded groups:</td><td></td>
</tr>
</table><p/>
<small><i>(Hover the method name to see the test class name)</i></small><p/>
<table width='100%' border='1' class='invocation-failed'>
<tr><td colspan='4' align='center'><b>FAILED TESTS</b></td></tr>
<tr><td><b>Test method</b></td>
<td width="30%"><b>Exception</b></td>
<td width="10%"><b>Time (seconds)</b></td>
<td><b>Instance</b></td>
</tr>
<tr>
<td title='com.Vizibl.Testcases.Registration.advertiserRegistration()'><b>advertiserRegistration</b><br>Test class: com.Vizibl.Testcases.Registration<br>Parameters: Select Client Type *, , , , , , , , , , , Select Country *, , , , submit, Client Type can not be blank; Organization Name cant be blank; First Name can't be blank; Last Name cant be blank; Email Id can't be blank; Password cant be blank; Confirm Password can't be blank; Contact Number can't be blank; Website can't be blank; Address can't be blank; Country Name can't be blank; State Name can't be blank; City Name can't be blank; Pincode Number can't be blank;</td>
<td><div><pre>java.lang.AssertionError: expected [true] but found [false]
	at com.Vizibl.Testcases.Registration.advertiserRegistration(Registration.java:84)
... Removed 28 stack frames</pre></div><a href='#' onClick='toggleBox("stack-trace1478334108", this, "Click to show all stack frames", "Click to hide stack frames")'>Click to show all stack frames</a>
<div class='stack-trace' id='stack-trace1478334108'><pre>java.lang.AssertionError: expected [true] but found [false]
	at org.testng.Assert.fail(Assert.java:94)
	at org.testng.Assert.failNotEquals(Assert.java:494)
	at org.testng.Assert.assertTrue(Assert.java:42)
	at org.testng.Assert.assertTrue(Assert.java:52)
	at com.Vizibl.Testcases.Registration.advertiserRegistration(Registration.java:84)
	at sun.reflect.NativeMethodAccessorImpl.invoke0(Native Method)
	at sun.reflect.NativeMethodAccessorImpl.invoke(Unknown Source)
	at sun.reflect.DelegatingMethodAccessorImpl.invoke(Unknown Source)
	at java.lang.reflect.Method.invoke(Unknown Source)
	at org.testng.internal.MethodInvocationHelper.invokeMethod(MethodInvocationHelper.java:80)
	at org.testng.internal.Invoker.invokeMethod(Invoker.java:714)
	at org.testng.internal.Invoker.invokeTestMethod(Invoker.java:901)
	at org.testng.internal.Invoker.invokeTestMethods(Invoker.java:1231)
	at org.testng.internal.TestMethodWorker.invokeTestMethods(TestMethodWorker.java:127)
	at org.testng.internal.TestMethodWorker.run(TestMethodWorker.java:111)
	at org.testng.TestRunner.privateRun(TestRunner.java:767)
	at org.testng.TestRunner.run(TestRunner.java:617)
	at org.testng.SuiteRunner.runTest(SuiteRunner.java:334)
	at org.testng.SuiteRunner.runSequentially(SuiteRunner.java:329)
	at org.testng.SuiteRunner.privateRun(SuiteRunner.java:291)
	at org.testng.SuiteRunner.run(SuiteRunner.java:240)
	at org.testng.SuiteRunnerWorker.runSuite(SuiteRunnerWorker.java:52)
	at org.testng.SuiteRunnerWorker.run(SuiteRunnerWorker.java:86)
	at org.testng.TestNG.runSuitesSequentially(TestNG.java:1198)
	at org.testng.TestNG.runSuitesLocally(TestNG.java:1123)
	at org.testng.TestNG.run(TestNG.java:1031)
	at org.testng.remote.AbstractRemoteTestNG.run(AbstractRemoteTestNG.java:114)
	at org.testng.remote.RemoteTestNG.initAndRun(RemoteTestNG.java:251)
	at org.testng.remote.RemoteTestNG.main(RemoteTestNG.java:77)
</pre></div></td>
<td>48</td>
<td>com.Vizibl.Testcases.Registration@68bbe345</td></tr>
<tr>
<td title='com.Vizibl.Testcases.Registration.advertiserRegistration()'><b>advertiserRegistration</b><br>Test class: com.Vizibl.Testcases.Registration<br>Parameters: Advertiser, My Organization, Data, wrkz, s.rinivasaraor5945@gmailcom, Datawrkz1$, Datawrkz1, 98765432101234567, #ba.com, HSR Layout, Bangalore, India, karantaka, Bangalore, 52300812345678901, submit, Email id is invalid, Special Charater Not allowed; Confirm Password is not same as Password; Contact Number length should be less than 16; Website is invalid; Pincode Number can't be greater than 16;</td>
<td><div><pre>java.lang.Exception: Session ID is null. Using WebDriver after calling quit()?
Build info: version: &apos;unknown&apos;, revision: &apos;31c43c8&apos;, time: &apos;2016-08-02 21:57:56 -0700&apos;
System info: host: &apos;Srinivas&apos;, ip: &apos;192.168.1.112&apos;, os.name: &apos;Windows 10&apos;, os.arch: &apos;amd64&apos;, os.version: &apos;10.0&apos;, java.version: &apos;1.8.0_131&apos;
Driver info: driver.version: RemoteWebDriver
	at com.Vizibl.Testcases.Registration.advertiserRegistration(Registration.java:94)
... Removed 24 stack frames</pre></div><a href='#' onClick='toggleBox("stack-trace1520656618", this, "Click to show all stack frames", "Click to hide stack frames")'>Click to show all stack frames</a>
<div class='stack-trace' id='stack-trace1520656618'><pre>java.lang.Exception: Session ID is null. Using WebDriver after calling quit()?
Build info: version: &apos;unknown&apos;, revision: &apos;31c43c8&apos;, time: &apos;2016-08-02 21:57:56 -0700&apos;
System info: host: &apos;Srinivas&apos;, ip: &apos;192.168.1.112&apos;, os.name: &apos;Windows 10&apos;, os.arch: &apos;amd64&apos;, os.version: &apos;10.0&apos;, java.version: &apos;1.8.0_131&apos;
Driver info: driver.version: RemoteWebDriver
	at com.Vizibl.Testcases.Registration.advertiserRegistration(Registration.java:94)
	at sun.reflect.NativeMethodAccessorImpl.invoke0(Native Method)
	at sun.reflect.NativeMethodAccessorImpl.invoke(Unknown Source)
	at sun.reflect.DelegatingMethodAccessorImpl.invoke(Unknown Source)
	at java.lang.reflect.Method.invoke(Unknown Source)
	at org.testng.internal.MethodInvocationHelper.invokeMethod(MethodInvocationHelper.java:80)
	at org.testng.internal.Invoker.invokeMethod(Invoker.java:714)
	at org.testng.internal.Invoker.invokeTestMethod(Invoker.java:901)
	at org.testng.internal.Invoker.invokeTestMethods(Invoker.java:1231)
	at org.testng.internal.TestMethodWorker.invokeTestMethods(TestMethodWorker.java:127)
	at org.testng.internal.TestMethodWorker.run(TestMethodWorker.java:111)
	at org.testng.TestRunner.privateRun(TestRunner.java:767)
	at org.testng.TestRunner.run(TestRunner.java:617)
	at org.testng.SuiteRunner.runTest(SuiteRunner.java:334)
	at org.testng.SuiteRunner.runSequentially(SuiteRunner.java:329)
	at org.testng.SuiteRunner.privateRun(SuiteRunner.java:291)
	at org.testng.SuiteRunner.run(SuiteRunner.java:240)
	at org.testng.SuiteRunnerWorker.runSuite(SuiteRunnerWorker.java:52)
	at org.testng.SuiteRunnerWorker.run(SuiteRunnerWorker.java:86)
	at org.testng.TestNG.runSuitesSequentially(TestNG.java:1198)
	at org.testng.TestNG.runSuitesLocally(TestNG.java:1123)
	at org.testng.TestNG.run(TestNG.java:1031)
	at org.testng.remote.AbstractRemoteTestNG.run(AbstractRemoteTestNG.java:114)
	at org.testng.remote.RemoteTestNG.initAndRun(RemoteTestNG.java:251)
	at org.testng.remote.RemoteTestNG.main(RemoteTestNG.java:77)
</pre></div></td>
<td>0</td>
<td>com.Vizibl.Testcases.Registration@68bbe345</td></tr>
<tr>
<td title='com.Vizibl.Testcases.Registration.advertiserRegistration()'><b>advertiserRegistration</b><br>Test class: com.Vizibl.Testcases.Registration<br>Parameters: Agency, My Organization, Data, wrkz, srinivasaraor5945@gmail.com, Da1, Datawrkz1, srinvasarao, www.#com, HSR Layout123, Bangalore, India, karantaka, Bangalore, 523009, cancel,  Password length should be Greater than 8; Confirm Password is not same as Password; Contact Number Invalid; Website is invalid;</td>
<td><div><pre>java.lang.Exception: Session ID is null. Using WebDriver after calling quit()?
Build info: version: &apos;unknown&apos;, revision: &apos;31c43c8&apos;, time: &apos;2016-08-02 21:57:56 -0700&apos;
System info: host: &apos;Srinivas&apos;, ip: &apos;192.168.1.112&apos;, os.name: &apos;Windows 10&apos;, os.arch: &apos;amd64&apos;, os.version: &apos;10.0&apos;, java.version: &apos;1.8.0_131&apos;
Driver info: driver.version: RemoteWebDriver
	at com.Vizibl.Testcases.Registration.advertiserRegistration(Registration.java:94)
... Removed 24 stack frames</pre></div><a href='#' onClick='toggleBox("stack-trace237484673", this, "Click to show all stack frames", "Click to hide stack frames")'>Click to show all stack frames</a>
<div class='stack-trace' id='stack-trace237484673'><pre>java.lang.Exception: Session ID is null. Using WebDriver after calling quit()?
Build info: version: &apos;unknown&apos;, revision: &apos;31c43c8&apos;, time: &apos;2016-08-02 21:57:56 -0700&apos;
System info: host: &apos;Srinivas&apos;, ip: &apos;192.168.1.112&apos;, os.name: &apos;Windows 10&apos;, os.arch: &apos;amd64&apos;, os.version: &apos;10.0&apos;, java.version: &apos;1.8.0_131&apos;
Driver info: driver.version: RemoteWebDriver
	at com.Vizibl.Testcases.Registration.advertiserRegistration(Registration.java:94)
	at sun.reflect.NativeMethodAccessorImpl.invoke0(Native Method)
	at sun.reflect.NativeMethodAccessorImpl.invoke(Unknown Source)
	at sun.reflect.DelegatingMethodAccessorImpl.invoke(Unknown Source)
	at java.lang.reflect.Method.invoke(Unknown Source)
	at org.testng.internal.MethodInvocationHelper.invokeMethod(MethodInvocationHelper.java:80)
	at org.testng.internal.Invoker.invokeMethod(Invoker.java:714)
	at org.testng.internal.Invoker.invokeTestMethod(Invoker.java:901)
	at org.testng.internal.Invoker.invokeTestMethods(Invoker.java:1231)
	at org.testng.internal.TestMethodWorker.invokeTestMethods(TestMethodWorker.java:127)
	at org.testng.internal.TestMethodWorker.run(TestMethodWorker.java:111)
	at org.testng.TestRunner.privateRun(TestRunner.java:767)
	at org.testng.TestRunner.run(TestRunner.java:617)
	at org.testng.SuiteRunner.runTest(SuiteRunner.java:334)
	at org.testng.SuiteRunner.runSequentially(SuiteRunner.java:329)
	at org.testng.SuiteRunner.privateRun(SuiteRunner.java:291)
	at org.testng.SuiteRunner.run(SuiteRunner.java:240)
	at org.testng.SuiteRunnerWorker.runSuite(SuiteRunnerWorker.java:52)
	at org.testng.SuiteRunnerWorker.run(SuiteRunnerWorker.java:86)
	at org.testng.TestNG.runSuitesSequentially(TestNG.java:1198)
	at org.testng.TestNG.runSuitesLocally(TestNG.java:1123)
	at org.testng.TestNG.run(TestNG.java:1031)
	at org.testng.remote.AbstractRemoteTestNG.run(AbstractRemoteTestNG.java:114)
	at org.testng.remote.RemoteTestNG.initAndRun(RemoteTestNG.java:251)
	at org.testng.remote.RemoteTestNG.main(RemoteTestNG.java:77)
</pre></div></td>
<td>0</td>
<td>com.Vizibl.Testcases.Registration@68bbe345</td></tr>
<tr>
<td title='com.Vizibl.Testcases.Registration.advertiserRegistration()'><b>advertiserRegistration</b><br>Test class: com.Vizibl.Testcases.Registration<br>Parameters: Advertiser, My Organization, Data, wrkz, s.rinivasaraor5945@gmail.com, Datawrkz1, Datawrkz1, 9876543211, www.cba.com, HSR Layout, Bangalore, India, karantaka, Bangalore, 523010, , </td>
<td><div><pre>java.lang.Exception: Session ID is null. Using WebDriver after calling quit()?
Build info: version: &apos;unknown&apos;, revision: &apos;31c43c8&apos;, time: &apos;2016-08-02 21:57:56 -0700&apos;
System info: host: &apos;Srinivas&apos;, ip: &apos;192.168.1.112&apos;, os.name: &apos;Windows 10&apos;, os.arch: &apos;amd64&apos;, os.version: &apos;10.0&apos;, java.version: &apos;1.8.0_131&apos;
Driver info: driver.version: RemoteWebDriver
	at com.Vizibl.Testcases.Registration.advertiserRegistration(Registration.java:94)
... Removed 24 stack frames</pre></div><a href='#' onClick='toggleBox("stack-trace358019805", this, "Click to show all stack frames", "Click to hide stack frames")'>Click to show all stack frames</a>
<div class='stack-trace' id='stack-trace358019805'><pre>java.lang.Exception: Session ID is null. Using WebDriver after calling quit()?
Build info: version: &apos;unknown&apos;, revision: &apos;31c43c8&apos;, time: &apos;2016-08-02 21:57:56 -0700&apos;
System info: host: &apos;Srinivas&apos;, ip: &apos;192.168.1.112&apos;, os.name: &apos;Windows 10&apos;, os.arch: &apos;amd64&apos;, os.version: &apos;10.0&apos;, java.version: &apos;1.8.0_131&apos;
Driver info: driver.version: RemoteWebDriver
	at com.Vizibl.Testcases.Registration.advertiserRegistration(Registration.java:94)
	at sun.reflect.NativeMethodAccessorImpl.invoke0(Native Method)
	at sun.reflect.NativeMethodAccessorImpl.invoke(Unknown Source)
	at sun.reflect.DelegatingMethodAccessorImpl.invoke(Unknown Source)
	at java.lang.reflect.Method.invoke(Unknown Source)
	at org.testng.internal.MethodInvocationHelper.invokeMethod(MethodInvocationHelper.java:80)
	at org.testng.internal.Invoker.invokeMethod(Invoker.java:714)
	at org.testng.internal.Invoker.invokeTestMethod(Invoker.java:901)
	at org.testng.internal.Invoker.invokeTestMethods(Invoker.java:1231)
	at org.testng.internal.TestMethodWorker.invokeTestMethods(TestMethodWorker.java:127)
	at org.testng.internal.TestMethodWorker.run(TestMethodWorker.java:111)
	at org.testng.TestRunner.privateRun(TestRunner.java:767)
	at org.testng.TestRunner.run(TestRunner.java:617)
	at org.testng.SuiteRunner.runTest(SuiteRunner.java:334)
	at org.testng.SuiteRunner.runSequentially(SuiteRunner.java:329)
	at org.testng.SuiteRunner.privateRun(SuiteRunner.java:291)
	at org.testng.SuiteRunner.run(SuiteRunner.java:240)
	at org.testng.SuiteRunnerWorker.runSuite(SuiteRunnerWorker.java:52)
	at org.testng.SuiteRunnerWorker.run(SuiteRunnerWorker.java:86)
	at org.testng.TestNG.runSuitesSequentially(TestNG.java:1198)
	at org.testng.TestNG.runSuitesLocally(TestNG.java:1123)
	at org.testng.TestNG.run(TestNG.java:1031)
	at org.testng.remote.AbstractRemoteTestNG.run(AbstractRemoteTestNG.java:114)
	at org.testng.remote.RemoteTestNG.initAndRun(RemoteTestNG.java:251)
	at org.testng.remote.RemoteTestNG.main(RemoteTestNG.java:77)
</pre></div></td>
<td>0</td>
<td>com.Vizibl.Testcases.Registration@68bbe345</td></tr>
<tr>
<td title='com.Vizibl.Testcases.ForgetPassword.forgotPassword()'><b>forgotPassword</b><br>Test class: com.Vizibl.Testcases.ForgetPassword<br>Parameters: srinivasarao.r@datawrkz.com, </td>
<td><div><pre>org.openqa.selenium.StaleElementReferenceException: stale element reference: element is not attached to the page document
  (Session info: chrome=63.0.3239.132)
  (Driver info: chromedriver=2.33.506120 (e3e53437346286c0bc2d2dc9aa4915ba81d9023f),platform=Windows NT 10.0.16299 x86_64) (WARNING: The server did not provide any stacktrace information)
Command duration or timeout: 5.66 seconds
For documentation on this error, please visit: http://seleniumhq.org/exceptions/stale_element_reference.html
Build info: version: &apos;unknown&apos;, revision: &apos;31c43c8&apos;, time: &apos;2016-08-02 21:57:56 -0700&apos;
System info: host: &apos;Srinivas&apos;, ip: &apos;192.168.1.112&apos;, os.name: &apos;Windows 10&apos;, os.arch: &apos;amd64&apos;, os.version: &apos;10.0&apos;, java.version: &apos;1.8.0_131&apos;
Driver info: org.openqa.selenium.chrome.ChromeDriver
Capabilities [{applicationCacheEnabled=false, rotatable=false, mobileEmulationEnabled=false, networkConnectionEnabled=false, chrome={chromedriverVersion=2.33.506120 (e3e53437346286c0bc2d2dc9aa4915ba81d9023f), userDataDir=C:\Users\Ashwi\AppData\Local\Temp\scoped_dir12656_32111}, takesHeapSnapshot=true, pageLoadStrategy=normal, databaseEnabled=false, handlesAlerts=true, hasTouchScreen=false, version=63.0.3239.132, platform=XP, browserConnectionEnabled=false, nativeEvents=true, acceptSslCerts=true, locationContextEnabled=true, webStorageEnabled=true, browserName=chrome, takesScreenshot=true, javascriptEnabled=true, cssSelectorsEnabled=true, setWindowRect=true, unexpectedAlertBehaviour=}]
Session ID: 8c96cfd5bd000ae75e86ca5fd1d3dcb8
	at org.openqa.selenium.remote.ErrorHandler.createThrowable(ErrorHandler.java:206)
	at org.openqa.selenium.remote.ErrorHandler.throwIfResponseFailed(ErrorHandler.java:158)
	at org.openqa.selenium.remote.RemoteWebDriver.execute(RemoteWebDriver.java:683)
	at org.openqa.selenium.remote.RemoteWebElement.execute(RemoteWebElement.java:319)
	at org.openqa.selenium.remote.RemoteWebElement.getText(RemoteWebElement.java:179)
	at com.Vizibl.utilities.Webutilities.verifyErrorMSg(Webutilities.java:115)
	at com.Vizibl.Testcases.ForgetPassword.forgotPassword(ForgetPassword.java:36)
... Removed 28 stack frames</pre></div><a href='#' onClick='toggleBox("stack-trace407997647", this, "Click to show all stack frames", "Click to hide stack frames")'>Click to show all stack frames</a>
<div class='stack-trace' id='stack-trace407997647'><pre>org.openqa.selenium.StaleElementReferenceException: stale element reference: element is not attached to the page document
  (Session info: chrome=63.0.3239.132)
  (Driver info: chromedriver=2.33.506120 (e3e53437346286c0bc2d2dc9aa4915ba81d9023f),platform=Windows NT 10.0.16299 x86_64) (WARNING: The server did not provide any stacktrace information)
Command duration or timeout: 5.66 seconds
For documentation on this error, please visit: http://seleniumhq.org/exceptions/stale_element_reference.html
Build info: version: &apos;unknown&apos;, revision: &apos;31c43c8&apos;, time: &apos;2016-08-02 21:57:56 -0700&apos;
System info: host: &apos;Srinivas&apos;, ip: &apos;192.168.1.112&apos;, os.name: &apos;Windows 10&apos;, os.arch: &apos;amd64&apos;, os.version: &apos;10.0&apos;, java.version: &apos;1.8.0_131&apos;
Driver info: org.openqa.selenium.chrome.ChromeDriver
Capabilities [{applicationCacheEnabled=false, rotatable=false, mobileEmulationEnabled=false, networkConnectionEnabled=false, chrome={chromedriverVersion=2.33.506120 (e3e53437346286c0bc2d2dc9aa4915ba81d9023f), userDataDir=C:\Users\Ashwi\AppData\Local\Temp\scoped_dir12656_32111}, takesHeapSnapshot=true, pageLoadStrategy=normal, databaseEnabled=false, handlesAlerts=true, hasTouchScreen=false, version=63.0.3239.132, platform=XP, browserConnectionEnabled=false, nativeEvents=true, acceptSslCerts=true, locationContextEnabled=true, webStorageEnabled=true, browserName=chrome, takesScreenshot=true, javascriptEnabled=true, cssSelectorsEnabled=true, setWindowRect=true, unexpectedAlertBehaviour=}]
Session ID: 8c96cfd5bd000ae75e86ca5fd1d3dcb8
	at sun.reflect.NativeConstructorAccessorImpl.newInstance0(Native Method)
	at sun.reflect.NativeConstructorAccessorImpl.newInstance(Unknown Source)
	at sun.reflect.DelegatingConstructorAccessorImpl.newInstance(Unknown Source)
	at java.lang.reflect.Constructor.newInstance(Unknown Source)
	at org.openqa.selenium.remote.ErrorHandler.createThrowable(ErrorHandler.java:206)
	at org.openqa.selenium.remote.ErrorHandler.throwIfResponseFailed(ErrorHandler.java:158)
	at org.openqa.selenium.remote.RemoteWebDriver.execute(RemoteWebDriver.java:683)
	at org.openqa.selenium.remote.RemoteWebElement.execute(RemoteWebElement.java:319)
	at org.openqa.selenium.remote.RemoteWebElement.getText(RemoteWebElement.java:179)
	at com.Vizibl.utilities.Webutilities.verifyErrorMSg(Webutilities.java:115)
	at com.Vizibl.Testcases.ForgetPassword.forgotPassword(ForgetPassword.java:36)
	at sun.reflect.NativeMethodAccessorImpl.invoke0(Native Method)
	at sun.reflect.NativeMethodAccessorImpl.invoke(Unknown Source)
	at sun.reflect.DelegatingMethodAccessorImpl.invoke(Unknown Source)
	at java.lang.reflect.Method.invoke(Unknown Source)
	at org.testng.internal.MethodInvocationHelper.invokeMethod(MethodInvocationHelper.java:80)
	at org.testng.internal.Invoker.invokeMethod(Invoker.java:714)
	at org.testng.internal.Invoker.invokeTestMethod(Invoker.java:901)
	at org.testng.internal.Invoker.invokeTestMethods(Invoker.java:1231)
	at org.testng.internal.TestMethodWorker.invokeTestMethods(TestMethodWorker.java:127)
	at org.testng.internal.TestMethodWorker.run(TestMethodWorker.java:111)
	at org.testng.TestRunner.privateRun(TestRunner.java:767)
	at org.testng.TestRunner.run(TestRunner.java:617)
	at org.testng.SuiteRunner.runTest(SuiteRunner.java:334)
	at org.testng.SuiteRunner.runSequentially(SuiteRunner.java:329)
	at org.testng.SuiteRunner.privateRun(SuiteRunner.java:291)
	at org.testng.SuiteRunner.run(SuiteRunner.java:240)
	at org.testng.SuiteRunnerWorker.runSuite(SuiteRunnerWorker.java:52)
	at org.testng.SuiteRunnerWorker.run(SuiteRunnerWorker.java:86)
	at org.testng.TestNG.runSuitesSequentially(TestNG.java:1198)
	at org.testng.TestNG.runSuitesLocally(TestNG.java:1123)
	at org.testng.TestNG.run(TestNG.java:1031)
	at org.testng.remote.AbstractRemoteTestNG.run(AbstractRemoteTestNG.java:114)
	at org.testng.remote.RemoteTestNG.initAndRun(RemoteTestNG.java:251)
	at org.testng.remote.RemoteTestNG.main(RemoteTestNG.java:77)
</pre></div></td>
<td>11</td>
<td>com.Vizibl.Testcases.ForgetPassword@63e2203c</td></tr>
<tr>
<td title='com.Vizibl.Testcases.Registration.verfyingUserAccountInAdvertisers()'><b>verfyingUserAccountInAdvertisers</b><br>Test class: com.Vizibl.Testcases.Registration</td>
<td><div><pre>java.lang.Exception: no such element: Unable to locate element: {&quot;method&quot;:&quot;xpath&quot;,&quot;selector&quot;:&quot;//a[@id=&apos;login_popup&apos;]&quot;}
  (Session info: chrome=63.0.3239.132)
  (Driver info: chromedriver=2.33.506120 (e3e53437346286c0bc2d2dc9aa4915ba81d9023f),platform=Windows NT 10.0.16299 x86_64) (WARNING: The server did not provide any stacktrace information)
Command duration or timeout: 28 milliseconds
For documentation on this error, please visit: http://seleniumhq.org/exceptions/no_such_element.html
Build info: version: &apos;unknown&apos;, revision: &apos;31c43c8&apos;, time: &apos;2016-08-02 21:57:56 -0700&apos;
System info: host: &apos;Srinivas&apos;, ip: &apos;192.168.1.112&apos;, os.name: &apos;Windows 10&apos;, os.arch: &apos;amd64&apos;, os.version: &apos;10.0&apos;, java.version: &apos;1.8.0_131&apos;
Driver info: org.openqa.selenium.chrome.ChromeDriver
Capabilities [{applicationCacheEnabled=false, rotatable=false, mobileEmulationEnabled=false, networkConnectionEnabled=false, chrome={chromedriverVersion=2.33.506120 (e3e53437346286c0bc2d2dc9aa4915ba81d9023f), userDataDir=C:\Users\Ashwi\AppData\Local\Temp\scoped_dir5596_16226}, takesHeapSnapshot=true, pageLoadStrategy=normal, databaseEnabled=false, handlesAlerts=true, hasTouchScreen=false, version=63.0.3239.132, platform=XP, browserConnectionEnabled=false, nativeEvents=true, acceptSslCerts=true, locationContextEnabled=true, webStorageEnabled=true, browserName=chrome, takesScreenshot=true, javascriptEnabled=true, cssSelectorsEnabled=true, setWindowRect=true, unexpectedAlertBehaviour=}]
Session ID: a1a4f472390d45461e2796e1eead18ad
*** Element info: {Using=xpath, value=//a[@id=&apos;login_popup&apos;]}
	at com.Vizibl.utilities.Webutilities.login(Webutilities.java:89)
	at com.Vizibl.Testcases.Registration.verfyingUserAccountInAdvertisers(Registration.java:126)
... Removed 24 stack frames</pre></div><a href='#' onClick='toggleBox("stack-trace1355766307", this, "Click to show all stack frames", "Click to hide stack frames")'>Click to show all stack frames</a>
<div class='stack-trace' id='stack-trace1355766307'><pre>java.lang.Exception: no such element: Unable to locate element: {&quot;method&quot;:&quot;xpath&quot;,&quot;selector&quot;:&quot;//a[@id=&apos;login_popup&apos;]&quot;}
  (Session info: chrome=63.0.3239.132)
  (Driver info: chromedriver=2.33.506120 (e3e53437346286c0bc2d2dc9aa4915ba81d9023f),platform=Windows NT 10.0.16299 x86_64) (WARNING: The server did not provide any stacktrace information)
Command duration or timeout: 28 milliseconds
For documentation on this error, please visit: http://seleniumhq.org/exceptions/no_such_element.html
Build info: version: &apos;unknown&apos;, revision: &apos;31c43c8&apos;, time: &apos;2016-08-02 21:57:56 -0700&apos;
System info: host: &apos;Srinivas&apos;, ip: &apos;192.168.1.112&apos;, os.name: &apos;Windows 10&apos;, os.arch: &apos;amd64&apos;, os.version: &apos;10.0&apos;, java.version: &apos;1.8.0_131&apos;
Driver info: org.openqa.selenium.chrome.ChromeDriver
Capabilities [{applicationCacheEnabled=false, rotatable=false, mobileEmulationEnabled=false, networkConnectionEnabled=false, chrome={chromedriverVersion=2.33.506120 (e3e53437346286c0bc2d2dc9aa4915ba81d9023f), userDataDir=C:\Users\Ashwi\AppData\Local\Temp\scoped_dir5596_16226}, takesHeapSnapshot=true, pageLoadStrategy=normal, databaseEnabled=false, handlesAlerts=true, hasTouchScreen=false, version=63.0.3239.132, platform=XP, browserConnectionEnabled=false, nativeEvents=true, acceptSslCerts=true, locationContextEnabled=true, webStorageEnabled=true, browserName=chrome, takesScreenshot=true, javascriptEnabled=true, cssSelectorsEnabled=true, setWindowRect=true, unexpectedAlertBehaviour=}]
Session ID: a1a4f472390d45461e2796e1eead18ad
*** Element info: {Using=xpath, value=//a[@id=&apos;login_popup&apos;]}
	at com.Vizibl.utilities.Webutilities.login(Webutilities.java:89)
	at com.Vizibl.Testcases.Registration.verfyingUserAccountInAdvertisers(Registration.java:126)
	at sun.reflect.NativeMethodAccessorImpl.invoke0(Native Method)
	at sun.reflect.NativeMethodAccessorImpl.invoke(Unknown Source)
	at sun.reflect.DelegatingMethodAccessorImpl.invoke(Unknown Source)
	at java.lang.reflect.Method.invoke(Unknown Source)
	at org.testng.internal.MethodInvocationHelper.invokeMethod(MethodInvocationHelper.java:80)
	at org.testng.internal.Invoker.invokeMethod(Invoker.java:714)
	at org.testng.internal.Invoker.invokeTestMethod(Invoker.java:901)
	at org.testng.internal.Invoker.invokeTestMethods(Invoker.java:1231)
	at org.testng.internal.TestMethodWorker.invokeTestMethods(TestMethodWorker.java:127)
	at org.testng.internal.TestMethodWorker.run(TestMethodWorker.java:111)
	at org.testng.TestRunner.privateRun(TestRunner.java:767)
	at org.testng.TestRunner.run(TestRunner.java:617)
	at org.testng.SuiteRunner.runTest(SuiteRunner.java:334)
	at org.testng.SuiteRunner.runSequentially(SuiteRunner.java:329)
	at org.testng.SuiteRunner.privateRun(SuiteRunner.java:291)
	at org.testng.SuiteRunner.run(SuiteRunner.java:240)
	at org.testng.SuiteRunnerWorker.runSuite(SuiteRunnerWorker.java:52)
	at org.testng.SuiteRunnerWorker.run(SuiteRunnerWorker.java:86)
	at org.testng.TestNG.runSuitesSequentially(TestNG.java:1198)
	at org.testng.TestNG.runSuitesLocally(TestNG.java:1123)
	at org.testng.TestNG.run(TestNG.java:1031)
	at org.testng.remote.AbstractRemoteTestNG.run(AbstractRemoteTestNG.java:114)
	at org.testng.remote.RemoteTestNG.initAndRun(RemoteTestNG.java:251)
	at org.testng.remote.RemoteTestNG.main(RemoteTestNG.java:77)
</pre></div></td>
<td>1</td>
<td>com.Vizibl.Testcases.Registration@68bbe345</td></tr>
</table><p>
<table width='100%' border='1' class='invocation-passed'>
<tr><td colspan='4' align='center'><b>PASSED TESTS</b></td></tr>
<tr><td><b>Test method</b></td>
<td width="30%"><b>Exception</b></td>
<td width="10%"><b>Time (seconds)</b></td>
<td><b>Instance</b></td>
</tr>
<tr>
<td title='com.Vizibl.Testcases.LoginPage.adminLogin()'><b>adminLogin</b><br>Test class: com.Vizibl.Testcases.LoginPage<br>Parameters: srinivasarao.r@datawrkz.com, , Password can't be blank;</td>
<td></td>
<td>8</td>
<td>com.Vizibl.Testcases.LoginPage@6e6c3152</td></tr>
<tr>
<td title='com.Vizibl.Testcases.LoginPage.adminLogin()'><b>adminLogin</b><br>Test class: com.Vizibl.Testcases.LoginPage<br>Parameters: , Datawrkz1, Email Id can't be blank;</td>
<td></td>
<td>6</td>
<td>com.Vizibl.Testcases.LoginPage@6e6c3152</td></tr>
<tr>
<td title='com.Vizibl.Testcases.LoginPage.adminLogin()'><b>adminLogin</b><br>Test class: com.Vizibl.Testcases.LoginPage<br>Parameters: srinivasarao.r@datawrkz.com, Datawrkz1234, Invalid credentials...!!!;</td>
<td></td>
<td>14</td>
<td>com.Vizibl.Testcases.LoginPage@6e6c3152</td></tr>
<tr>
<td title='com.Vizibl.Testcases.LoginPage.adminLogin()'><b>adminLogin</b><br>Test class: com.Vizibl.Testcases.LoginPage<br>Parameters: srinivasarao@datawrkz.com, Datawrkz1, Invalid credentials...!!!;</td>
<td></td>
<td>12</td>
<td>com.Vizibl.Testcases.LoginPage@6e6c3152</td></tr>
<tr>
<td title='com.Vizibl.Testcases.Registration.advertiserRegistration()'><b>advertiserRegistration</b><br>Test class: com.Vizibl.Testcases.Registration<br>Parameters: Agency, Organiz, Data, wrkz, s.rinivasaraor5945gmail.com, Datawrkz1, Datawrkz12, 9876543, www.#.com, 1234#1, , India, karantaka, Bangalore, 523, cancel, Email id is invalid; Confirm Password is not same as Password; Website is invalid;</td>
<td></td>
<td>24</td>
<td>com.Vizibl.Testcases.Registration@68bbe345</td></tr>
<tr>
<td title='com.Vizibl.Testcases.ChangePassword.changePassword()'><b>changePassword</b><br>Test class: com.Vizibl.Testcases.ChangePassword<br>Parameters: Datawrkz1234, Datawrkz1, Datawrkz1, current_password - is invalid;</td>
<td></td>
<td>7</td>
<td>com.Vizibl.Testcases.ChangePassword@72b6cbcc</td></tr>
<tr>
<td title='com.Vizibl.Testcases.ChangePassword.changePassword()'><b>changePassword</b><br>Test class: com.Vizibl.Testcases.ChangePassword<br>Parameters: , Datawrkz123, Datawrkz123, Password can't be blank;</td>
<td></td>
<td>6</td>
<td>com.Vizibl.Testcases.ChangePassword@72b6cbcc</td></tr>
<tr>
<td title='com.Vizibl.Testcases.ChangePassword.changePassword()'><b>changePassword</b><br>Test class: com.Vizibl.Testcases.ChangePassword<br>Parameters: Datawrkz1, , Datawrkz24, Password can't be blank;</td>
<td></td>
<td>5</td>
<td>com.Vizibl.Testcases.ChangePassword@72b6cbcc</td></tr>
<tr>
<td title='com.Vizibl.Testcases.ChangePassword.changePassword()'><b>changePassword</b><br>Test class: com.Vizibl.Testcases.ChangePassword<br>Parameters: Datawrkz1, Datawrkz1, , Confirm Password can't be blank;</td>
<td></td>
<td>6</td>
<td>com.Vizibl.Testcases.ChangePassword@72b6cbcc</td></tr>
<tr>
<td title='com.Vizibl.Testcases.ChangePassword.changePassword()'><b>changePassword</b><br>Test class: com.Vizibl.Testcases.ChangePassword<br>Parameters: Datawrkz1, Datawrkz2$, Datawrkz2$, Password Must contain Alleast One Uppercase latter, One LowerCase Latter and One one digit;</td>
<td></td>
<td>5</td>
<td>com.Vizibl.Testcases.ChangePassword@72b6cbcc</td></tr>
<tr>
<td title='com.Vizibl.Testcases.ForgetPassword_AfterChangingPassword.forgetPassword_AfterChangingPassword()'><b>forgetPassword_AfterChangingPassword</b><br>Test class: com.Vizibl.Testcases.ForgetPassword_AfterChangingPassword<br>Parameters: srinivasarao.r@datawrkz.com, Datawrkz1, Invalid credentials...!!!;</td>
<td></td>
<td>25</td>
<td>com.Vizibl.Testcases.ForgetPassword_AfterChangingPassword@1efed156</td></tr>
<tr>
<td title='com.Vizibl.Testcases.ForgetPassword.forgotPassword()'><b>forgotPassword</b><br>Test class: com.Vizibl.Testcases.ForgetPassword<br>Parameters: , Email Id can't be blank;</td>
<td></td>
<td>14</td>
<td>com.Vizibl.Testcases.ForgetPassword@63e2203c</td></tr>
<tr>
<td title='com.Vizibl.Testcases.ForgetPassword.forgotPassword()'><b>forgotPassword</b><br>Test class: com.Vizibl.Testcases.ForgetPassword<br>Parameters: srinivasarao.r@Dtawrkzcom, Email Id is invalid;</td>
<td></td>
<td>11</td>
<td>com.Vizibl.Testcases.ForgetPassword@63e2203c</td></tr>
<tr>
<td title='com.Vizibl.Testcases.ForgetPassword.forgotPassword()'><b>forgotPassword</b><br>Test class: com.Vizibl.Testcases.ForgetPassword<br>Parameters: srinivr@Dtawrkz.com, Email ID not exist...!!!;</td>
<td></td>
<td>10</td>
<td>com.Vizibl.Testcases.ForgetPassword@63e2203c</td></tr>
<tr>
<td title='com.Vizibl.Testcases.LoginPage.rememberMe()'><b>rememberMe</b><br>Test class: com.Vizibl.Testcases.LoginPage<br/>
<a href="#Output-735228558" onClick='toggleBox("Output-735228558", this, "Show output", "Hide output");'>Show output</a>

<a href="#Output-735228558" onClick="toggleAllBoxes();">Show all outputs</a>
<div class='log' id="Output-735228558">
Verfied the Title of the Vizibl page<br/>
</div>
</td>
<td></td>
<td>9</td>
<td>com.Vizibl.Testcases.LoginPage@6e6c3152</td></tr>
<tr>
<td title='com.Vizibl.Testcases.ChangePassword.validChangePassword()'><b>validChangePassword</b><br>Test class: com.Vizibl.Testcases.ChangePassword<br>Parameters: Datawrkz1, Datawrkz1, Datawrkz1</td>
<td></td>
<td>4</td>
<td>com.Vizibl.Testcases.ChangePassword@72b6cbcc</td></tr>
<tr>
<td title='com.Vizibl.Testcases.Registration.verfyingUserAccountInDemoAccounts()'><b>verfyingUserAccountInDemoAccounts</b><br>Test class: com.Vizibl.Testcases.Registration<br/>
<a href="#Output-1539038539" onClick='toggleBox("Output-1539038539", this, "Show output", "Hide output");'>Show output</a>

<a href="#Output-1539038539" onClick="toggleAllBoxes();">Show all outputs</a>
<div class='log' id="Output-1539038539">
No such kind of AdvertiserG8 Labs<br/>
VerfingAccount is sucessfull<br/>
</div>
</td>
<td></td>
<td>57</td>
<td>com.Vizibl.Testcases.Registration@68bbe345</td></tr>
</table><p>
</body>
</html>