<?xml version="1.0" encoding="UTF-8"?>
<!-- Generated by org.testng.reporters.JUnitXMLReporter -->
<testsuite hostname="Srinivas" name="Test" tests="23" failures="6" timestamp="8 Feb 2018 18:39:27 GMT" time="590.107" errors="0">
  <testcase name="adminLogin" time="8.088" classname="com.Vizibl.Testcases.LoginPage"/>
  <testcase name="adminLogin" time="6.921" classname="com.Vizibl.Testcases.LoginPage"/>
  <testcase name="adminLogin" time="14.356" classname="com.Vizibl.Testcases.LoginPage"/>
  <testcase name="adminLogin" time="12.568" classname="com.Vizibl.Testcases.LoginPage"/>
  <testcase name="rememberMe" time="9.993" classname="com.Vizibl.Testcases.LoginPage"/>
  <testcase name="forgotPassword" time="14.849" classname="com.Vizibl.Testcases.ForgetPassword"/>
  <testcase name="forgotPassword" time="11.789" classname="com.Vizibl.Testcases.ForgetPassword"/>
  <testcase name="forgotPassword" time="10.443" classname="com.Vizibl.Testcases.ForgetPassword"/>
  <testcase name="forgotPassword" time="11.646" classname="com.Vizibl.Testcases.ForgetPassword">
    <failure type="org.openqa.selenium.StaleElementReferenceException" message="stale element reference: element is not attached to the page document
  (Session info: chrome=63.0.3239.132)
  (Driver info: chromedriver=2.33.506120 (e3e53437346286c0bc2d2dc9aa4915ba81d9023f),platform=Windows NT 10.0.16299 x86_64) (WARNING: The server did not provide any stacktrace information)
Command duration or timeout: 5.66 seconds
For documentation on this error, please visit: http://seleniumhq.org/exceptions/stale_element_reference.html
Build info: version: &amp;apos;unknown&amp;apos;, revision: &amp;apos;31c43c8&amp;apos;, time: &amp;apos;2016-08-02 21:57:56 -0700&amp;apos;
System info: host: &amp;apos;Srinivas&amp;apos;, ip: &amp;apos;192.168.1.112&amp;apos;, os.name: &amp;apos;Windows 10&amp;apos;, os.arch: &amp;apos;amd64&amp;apos;, os.version: &amp;apos;10.0&amp;apos;, java.version: &amp;apos;1.8.0_131&amp;apos;
Driver info: org.openqa.selenium.chrome.ChromeDriver
Capabilities [{applicationCacheEnabled=false, rotatable=false, mobileEmulationEnabled=false, networkConnectionEnabled=false, chrome={chromedriverVersion=2.33.506120 (e3e53437346286c0bc2d2dc9aa4915ba81d9023f), userDataDir=C:\Users\Ashwi\AppData\Local\Temp\scoped_dir12656_32111}, takesHeapSnapshot=true, pageLoadStrategy=normal, databaseEnabled=false, handlesAlerts=true, hasTouchScreen=false, version=63.0.3239.132, platform=XP, browserConnectionEnabled=false, nativeEvents=true, acceptSslCerts=true, locationContextEnabled=true, webStorageEnabled=true, browserName=chrome, takesScreenshot=true, javascriptEnabled=true, cssSelectorsEnabled=true, setWindowRect=true, unexpectedAlertBehaviour=}]
Session ID: 8c96cfd5bd000ae75e86ca5fd1d3dcb8">
      <![CDATA[org.openqa.selenium.StaleElementReferenceException: stale element reference: element is not attached to the page document
  (Session info: chrome=63.0.3239.132)
  (Driver info: chromedriver=2.33.506120 (e3e53437346286c0bc2d2dc9aa4915ba81d9023f),platform=Windows NT 10.0.16299 x86_64) (WARNING: The server did not provide any stacktrace information)
Command duration or timeout: 5.66 seconds
For documentation on this error, please visit: http://seleniumhq.org/exceptions/stale_element_reference.html
Build info: version: 'unknown', revision: '31c43c8', time: '2016-08-02 21:57:56 -0700'
System info: host: 'Srinivas', ip: '192.168.1.112', os.name: 'Windows 10', os.arch: 'amd64', os.version: '10.0', java.version: '1.8.0_131'
Driver info: org.openqa.selenium.chrome.ChromeDriver
Capabilities [{applicationCacheEnabled=false, rotatable=false, mobileEmulationEnabled=false, networkConnectionEnabled=false, chrome={chromedriverVersion=2.33.506120 (e3e53437346286c0bc2d2dc9aa4915ba81d9023f), userDataDir=C:\Users\Ashwi\AppData\Local\Temp\scoped_dir12656_32111}, takesHeapSnapshot=true, pageLoadStrategy=normal, databaseEnabled=false, handlesAlerts=true, hasTouchScreen=false, version=63.0.3239.132, platform=XP, browserConnectionEnabled=false, nativeEvents=true, acceptSslCerts=true, locationContextEnabled=true, webStorageEnabled=true, browserName=chrome, takesScreenshot=true, javascriptEnabled=true, cssSelectorsEnabled=true, setWindowRect=true, unexpectedAlertBehaviour=}]
Session ID: 8c96cfd5bd000ae75e86ca5fd1d3dcb8
	at org.openqa.selenium.remote.ErrorHandler.createThrowable(ErrorHandler.java:206)
	at org.openqa.selenium.remote.ErrorHandler.throwIfResponseFailed(ErrorHandler.java:158)
	at org.openqa.selenium.remote.RemoteWebDriver.execute(RemoteWebDriver.java:683)
	at org.openqa.selenium.remote.RemoteWebElement.execute(RemoteWebElement.java:319)
	at org.openqa.selenium.remote.RemoteWebElement.getText(RemoteWebElement.java:179)
	at com.Vizibl.utilities.Webutilities.verifyErrorMSg(Webutilities.java:115)
	at com.Vizibl.Testcases.ForgetPassword.forgotPassword(ForgetPassword.java:36)
... Removed 28 stack frames]]>
    </failure>
  </testcase> <!-- forgotPassword -->
  <testcase name="forgetPassword_AfterChangingPassword" time="25.43" classname="com.Vizibl.Testcases.ForgetPassword_AfterChangingPassword"/>
  <testcase name="changePassword" time="7.786" classname="com.Vizibl.Testcases.ChangePassword"/>
  <testcase name="changePassword" time="6.65" classname="com.Vizibl.Testcases.ChangePassword"/>
  <testcase name="changePassword" time="5.633" classname="com.Vizibl.Testcases.ChangePassword"/>
  <testcase name="changePassword" time="6.127" classname="com.Vizibl.Testcases.ChangePassword"/>
  <testcase name="changePassword" time="5.794" classname="com.Vizibl.Testcases.ChangePassword"/>
  <testcase name="validChangePassword" time="4.198" classname="com.Vizibl.Testcases.ChangePassword"/>
  <testcase name="advertiserRegistration" time="48.74" classname="com.Vizibl.Testcases.Registration">
    <failure type="java.lang.AssertionError" message="expected [true] but found [false]">
      <![CDATA[java.lang.AssertionError: expected [true] but found [false]
	at com.Vizibl.Testcases.Registration.advertiserRegistration(Registration.java:84)
... Removed 28 stack frames]]>
    </failure>
  </testcase> <!-- advertiserRegistration -->
  <testcase name="advertiserRegistration" time="24.31" classname="com.Vizibl.Testcases.Registration"/>
  <testcase name="advertiserRegistration" time="0.014" classname="com.Vizibl.Testcases.Registration">
    <failure type="java.lang.Exception" message="Session ID is null. Using WebDriver after calling quit()?
Build info: version: &amp;apos;unknown&amp;apos;, revision: &amp;apos;31c43c8&amp;apos;, time: &amp;apos;2016-08-02 21:57:56 -0700&amp;apos;
System info: host: &amp;apos;Srinivas&amp;apos;, ip: &amp;apos;192.168.1.112&amp;apos;, os.name: &amp;apos;Windows 10&amp;apos;, os.arch: &amp;apos;amd64&amp;apos;, os.version: &amp;apos;10.0&amp;apos;, java.version: &amp;apos;1.8.0_131&amp;apos;
Driver info: driver.version: RemoteWebDriver">
      <![CDATA[java.lang.Exception: Session ID is null. Using WebDriver after calling quit()?
Build info: version: 'unknown', revision: '31c43c8', time: '2016-08-02 21:57:56 -0700'
System info: host: 'Srinivas', ip: '192.168.1.112', os.name: 'Windows 10', os.arch: 'amd64', os.version: '10.0', java.version: '1.8.0_131'
Driver info: driver.version: RemoteWebDriver
	at com.Vizibl.Testcases.Registration.advertiserRegistration(Registration.java:94)
... Removed 24 stack frames]]>
    </failure>
  </testcase> <!-- advertiserRegistration -->
  <testcase name="advertiserRegistration" time="0.005" classname="com.Vizibl.Testcases.Registration">
    <failure type="java.lang.Exception" message="Session ID is null. Using WebDriver after calling quit()?
Build info: version: &amp;apos;unknown&amp;apos;, revision: &amp;apos;31c43c8&amp;apos;, time: &amp;apos;2016-08-02 21:57:56 -0700&amp;apos;
System info: host: &amp;apos;Srinivas&amp;apos;, ip: &amp;apos;192.168.1.112&amp;apos;, os.name: &amp;apos;Windows 10&amp;apos;, os.arch: &amp;apos;amd64&amp;apos;, os.version: &amp;apos;10.0&amp;apos;, java.version: &amp;apos;1.8.0_131&amp;apos;
Driver info: driver.version: RemoteWebDriver">
      <![CDATA[java.lang.Exception: Session ID is null. Using WebDriver after calling quit()?
Build info: version: 'unknown', revision: '31c43c8', time: '2016-08-02 21:57:56 -0700'
System info: host: 'Srinivas', ip: '192.168.1.112', os.name: 'Windows 10', os.arch: 'amd64', os.version: '10.0', java.version: '1.8.0_131'
Driver info: driver.version: RemoteWebDriver
	at com.Vizibl.Testcases.Registration.advertiserRegistration(Registration.java:94)
... Removed 24 stack frames]]>
    </failure>
  </testcase> <!-- advertiserRegistration -->
  <testcase name="advertiserRegistration" time="0.005" classname="com.Vizibl.Testcases.Registration">
    <failure type="java.lang.Exception" message="Session ID is null. Using WebDriver after calling quit()?
Build info: version: &amp;apos;unknown&amp;apos;, revision: &amp;apos;31c43c8&amp;apos;, time: &amp;apos;2016-08-02 21:57:56 -0700&amp;apos;
System info: host: &amp;apos;Srinivas&amp;apos;, ip: &amp;apos;192.168.1.112&amp;apos;, os.name: &amp;apos;Windows 10&amp;apos;, os.arch: &amp;apos;amd64&amp;apos;, os.version: &amp;apos;10.0&amp;apos;, java.version: &amp;apos;1.8.0_131&amp;apos;
Driver info: driver.version: RemoteWebDriver">
      <![CDATA[java.lang.Exception: Session ID is null. Using WebDriver after calling quit()?
Build info: version: 'unknown', revision: '31c43c8', time: '2016-08-02 21:57:56 -0700'
System info: host: 'Srinivas', ip: '192.168.1.112', os.name: 'Windows 10', os.arch: 'amd64', os.version: '10.0', java.version: '1.8.0_131'
Driver info: driver.version: RemoteWebDriver
	at com.Vizibl.Testcases.Registration.advertiserRegistration(Registration.java:94)
... Removed 24 stack frames]]>
    </failure>
  </testcase> <!-- advertiserRegistration -->
  <testcase name="verfyingUserAccountInDemoAccounts" time="57.596" classname="com.Vizibl.Testcases.Registration"/>
  <testcase name="verfyingUserAccountInAdvertisers" time="1.11" classname="com.Vizibl.Testcases.Registration">
    <failure type="java.lang.Exception" message="no such element: Unable to locate element: {&amp;quot;method&amp;quot;:&amp;quot;xpath&amp;quot;,&amp;quot;selector&amp;quot;:&amp;quot;//a[@id=&amp;apos;login_popup&amp;apos;]&amp;quot;}
  (Session info: chrome=63.0.3239.132)
  (Driver info: chromedriver=2.33.506120 (e3e53437346286c0bc2d2dc9aa4915ba81d9023f),platform=Windows NT 10.0.16299 x86_64) (WARNING: The server did not provide any stacktrace information)
Command duration or timeout: 28 milliseconds
For documentation on this error, please visit: http://seleniumhq.org/exceptions/no_such_element.html
Build info: version: &amp;apos;unknown&amp;apos;, revision: &amp;apos;31c43c8&amp;apos;, time: &amp;apos;2016-08-02 21:57:56 -0700&amp;apos;
System info: host: &amp;apos;Srinivas&amp;apos;, ip: &amp;apos;192.168.1.112&amp;apos;, os.name: &amp;apos;Windows 10&amp;apos;, os.arch: &amp;apos;amd64&amp;apos;, os.version: &amp;apos;10.0&amp;apos;, java.version: &amp;apos;1.8.0_131&amp;apos;
Driver info: org.openqa.selenium.chrome.ChromeDriver
Capabilities [{applicationCacheEnabled=false, rotatable=false, mobileEmulationEnabled=false, networkConnectionEnabled=false, chrome={chromedriverVersion=2.33.506120 (e3e53437346286c0bc2d2dc9aa4915ba81d9023f), userDataDir=C:\Users\Ashwi\AppData\Local\Temp\scoped_dir5596_16226}, takesHeapSnapshot=true, pageLoadStrategy=normal, databaseEnabled=false, handlesAlerts=true, hasTouchScreen=false, version=63.0.3239.132, platform=XP, browserConnectionEnabled=false, nativeEvents=true, acceptSslCerts=true, locationContextEnabled=true, webStorageEnabled=true, browserName=chrome, takesScreenshot=true, javascriptEnabled=true, cssSelectorsEnabled=true, setWindowRect=true, unexpectedAlertBehaviour=}]
Session ID: a1a4f472390d45461e2796e1eead18ad
*** Element info: {Using=xpath, value=//a[@id=&amp;apos;login_popup&amp;apos;]}">
      <![CDATA[java.lang.Exception: no such element: Unable to locate element: {"method":"xpath","selector":"//a[@id='login_popup']"}
  (Session info: chrome=63.0.3239.132)
  (Driver info: chromedriver=2.33.506120 (e3e53437346286c0bc2d2dc9aa4915ba81d9023f),platform=Windows NT 10.0.16299 x86_64) (WARNING: The server did not provide any stacktrace information)
Command duration or timeout: 28 milliseconds
For documentation on this error, please visit: http://seleniumhq.org/exceptions/no_such_element.html
Build info: version: 'unknown', revision: '31c43c8', time: '2016-08-02 21:57:56 -0700'
System info: host: 'Srinivas', ip: '192.168.1.112', os.name: 'Windows 10', os.arch: 'amd64', os.version: '10.0', java.version: '1.8.0_131'
Driver info: org.openqa.selenium.chrome.ChromeDriver
Capabilities [{applicationCacheEnabled=false, rotatable=false, mobileEmulationEnabled=false, networkConnectionEnabled=false, chrome={chromedriverVersion=2.33.506120 (e3e53437346286c0bc2d2dc9aa4915ba81d9023f), userDataDir=C:\Users\Ashwi\AppData\Local\Temp\scoped_dir5596_16226}, takesHeapSnapshot=true, pageLoadStrategy=normal, databaseEnabled=false, handlesAlerts=true, hasTouchScreen=false, version=63.0.3239.132, platform=XP, browserConnectionEnabled=false, nativeEvents=true, acceptSslCerts=true, locationContextEnabled=true, webStorageEnabled=true, browserName=chrome, takesScreenshot=true, javascriptEnabled=true, cssSelectorsEnabled=true, setWindowRect=true, unexpectedAlertBehaviour=}]
Session ID: a1a4f472390d45461e2796e1eead18ad
*** Element info: {Using=xpath, value=//a[@id='login_popup']}
	at com.Vizibl.utilities.Webutilities.login(Webutilities.java:89)
	at com.Vizibl.Testcases.Registration.verfyingUserAccountInAdvertisers(Registration.java:126)
... Removed 24 stack frames]]>
    </failure>
  </testcase> <!-- verfyingUserAccountInAdvertisers -->
</testsuite> <!-- Test -->
